<?xml version="1.0" encoding="UTF-8"?>
<testsuite name="CalculatorTest" tests="1" skipped="0" failures="0" errors="0" timestamp="2022-12-12T11:15:10" hostname="DESKTOP-7R5O05B" time="0.028">
  <properties/>
  <testcase name="firstAdditionHasBeenDoneCorrectly()" classname="CalculatorTest" time="0.028"/>
  <system-out><![CDATA[]]></system-out>
  <system-err><![CDATA[]]></system-err>
</testsuite>
