<?xml version="1.0" encoding="UTF-8"?>
<testsuite name="CalculatorTest" tests="1" skipped="0" failures="0" errors="0" timestamp="2022-12-11T10:27:59" hostname="DESKTOP-7R5O05B" time="0.031">
  <properties/>
  <testcase name="firstAdditionHasBeenDoneCorrectly()" classname="CalculatorTest" time="0.031"/>
  <system-out><![CDATA[]]></system-out>
  <system-err><![CDATA[]]></system-err>
</testsuite>
